<?xml version="1.0" encoding="utf-8"?>
<?AutomationStudio Version=3.0?>
<Transfer xmlns="http://br-automation.co.at/AS/Transfer">
  <OperatingSystem Version="C4.72"/>
  <Hardware Target="SG4"/>
  <Operation Delete="Program.br"/>
  <Operation Delete="SfDomVis.br"/>
  <Operation Delete="McStpAx.br"/>
  <Operation Delete="MpAxis.br"/>
  <Operation Delete="asieccon.br"/>
  <Operation Delete="arflatprv.br"/>
  <Operation Delete="arcoal.br"/>
  <Operation Delete="asiodiag.br"/>
  <Operation Delete="MpSfDomMgr.br"/>
  <Operation Delete="asusb.br"/>
  <Operation Delete="SfDomDrv.br"/>
  <Operation Delete="astcp.br"/>
  <Operation Delete="aruser.br"/>
  <Operation Delete="brsystem.br"/>
  <Operation Delete="asguard.br"/>
  <Operation Delete="asioacc.br"/>
  <Operation Delete="asio.br"/>
  <Operation Delete="MpBase.br"/>
  <Operation Delete="sys_lib.br"/>
  <Operation Delete="mcprofgen.br"/>
  <Operation Delete="McAcpAx.br"/>
  <Operation Delete="McAcpDrv.br"/>
  <Operation Delete="fileio.br"/>
  <Operation Delete="astime.br"/>
  <Operation Delete="McAxis.br"/>
  <Operation Delete="McBase.br"/>
  <Operation Download="ashwd.br" Memory="SystemROM"/>
  <Operation Download="asfw.br" Memory="SystemROM"/>
  <Operation Download="asnxdb1.br" Memory="SystemROM"/>
  <Operation Download="arconfig.br" Memory="SystemROM"/>
  <Operation Download="sysconf.br" Memory="SystemROM"/>
  <Operation Restart="warm"/>
  <Operation Download="McAcpSim.br" Memory="UserROM"/>
  <Operation Download="powerlnk.br" Memory="UserROM"/>
  <Operation Download="arsvcreg.br" Memory="UserROM"/>
  <Operation Download="McBase.br" Memory="UserROM"/>
  <Operation Download="McAxis.br" Memory="UserROM"/>
  <Operation Download="runtime.br" Memory="UserROM"/>
  <Operation Download="astime.br" Memory="UserROM"/>
  <Operation Download="fileio.br" Memory="UserROM"/>
  <Operation Download="McAcpDrv.br" Memory="UserROM"/>
  <Operation Download="McAcpAx.br" Memory="UserROM"/>
  <Operation Download="McAcpSys.br" Memory="UserROM"/>
  <Operation Restart="warm"/>
  <Operation Download="mcprofgen.br" Memory="UserROM"/>
  <Operation Download="standard.br" Memory="UserROM"/>
  <Operation Download="sys_lib.br" Memory="UserROM"/>
  <Operation Download="MpBase.br" Memory="UserROM"/>
  <Operation Download="asio.br" Memory="UserROM"/>
  <Operation Download="asioacc.br" Memory="UserROM"/>
  <Operation Download="asguard.br" Memory="UserROM"/>
  <Operation Download="brsystem.br" Memory="UserROM"/>
  <Operation Download="aruser.br" Memory="UserROM"/>
  <Operation Download="astcp.br" Memory="UserROM"/>
  <Operation Download="SfDomDrv.br" Memory="UserROM"/>
  <Operation Download="asusb.br" Memory="UserROM"/>
  <Operation Download="MpSfDomMgr.br" Memory="UserROM"/>
  <Operation Download="asiodiag.br" Memory="UserROM"/>
  <Operation Download="arcoal.br" Memory="UserROM"/>
  <Operation Download="arflatprv.br" Memory="UserROM"/>
  <Operation Download="asieccon.br" Memory="UserROM"/>
  <Operation Download="MpAxis.br" Memory="UserROM"/>
  <Operation Download="McStpAx.br" Memory="UserROM"/>
  <Operation Download="ashwac.br" Memory="UserROM"/>
  <Operation Download="Config_1.br" Memory="UserROM"/>
  <Operation Download="FWRules.br" Memory="UserROM"/>
  <Operation Download="iomap.br" Memory="UserROM"/>
  <Operation Download="Role.br" Memory="UserROM"/>
  <Operation Download="SfDomVis.br" Memory="UserROM"/>
  <Operation Download="TCData.br" Memory="SystemROM"/>
  <Operation Download="udbdef.br" Memory="UserROM"/>
  <Operation Download="User.br" Memory="UserROM"/>
  <Operation Download="Program.br" Memory="UserROM"/>
</Transfer>